<?xml version="1.0" encoding="UTF-8"?>
<!-- Generated by org.testng.reporters.JUnitReportReporter -->
<testsuite skipped="0" hostname="DESKTOP-T9CIQDG" name="lab.web.WriteDeleteApiTest" tests="2" failures="0" timestamp="11 бер. 2019 13:51:01 GMT" time="31.012" errors="0">
  <testcase name="tryWriteAndDeleteFileSoap" time="14.184" classname="lab.web.WriteDeleteApiTest"/>
  <testcase name="tryWriteAndDeleteFileRest" time="16.828" classname="lab.web.WriteDeleteApiTest"/>
</testsuite> <!-- lab.web.WriteDeleteApiTest -->
