<?xml version="1.0" encoding="UTF-8"?>
<!-- Generated by org.testng.reporters.JUnitReportReporter -->
<testsuite skipped="0" hostname="DESKTOP-T9CIQDG" name="lab.web.DeleteSameFileTwiceApiTest" tests="2" failures="0" timestamp="11 бер. 2019 13:51:01 GMT" time="1.016" errors="1">
  <testcase name="tryWriteFileTwiceRest" time="0.529" classname="lab.web.DeleteSameFileTwiceApiTest"/>
  <testcase name="tryWriteFileTwiceSoap" time="0.487" classname="lab.web.DeleteSameFileTwiceApiTest">
    <error type="javax.xml.ws.WebServiceException" message="java.lang.NoSuchMethodException: lab.web.soap.ServiceException.&lt;init&gt;(java.lang.String, lab.web.soap.LibraryFault)">
      <![CDATA[javax.xml.ws.WebServiceException: java.lang.NoSuchMethodException: lab.web.soap.ServiceException.<init>(java.lang.String, lab.web.soap.LibraryFault)
	at com.sun.xml.internal.ws.fault.SOAPFaultBuilder.createException(SOAPFaultBuilder.java:138)
	at com.sun.xml.internal.ws.client.sei.StubHandler.readResponse(StubHandler.java:238)
	at com.sun.xml.internal.ws.db.DatabindingImpl.deserializeResponse(DatabindingImpl.java:189)
	at com.sun.xml.internal.ws.db.DatabindingImpl.deserializeResponse(DatabindingImpl.java:276)
	at com.sun.xml.internal.ws.client.sei.SyncMethodHandler.invoke(SyncMethodHandler.java:104)
	at com.sun.xml.internal.ws.client.sei.SyncMethodHandler.invoke(SyncMethodHandler.java:77)
	at com.sun.xml.internal.ws.client.sei.SEIStub.invoke(SEIStub.java:147)
	at com.sun.proxy.$Proxy47.deleteFile(Unknown Source)
	at lab.web.DeleteSameFileTwiceApiTest.tryWriteFileTwiceSoap(DeleteSameFileTwiceApiTest.java:33)
	at sun.reflect.NativeMethodAccessorImpl.invoke0(Native Method)
	at sun.reflect.NativeMethodAccessorImpl.invoke(NativeMethodAccessorImpl.java:62)
	at sun.reflect.DelegatingMethodAccessorImpl.invoke(DelegatingMethodAccessorImpl.java:43)
	at java.lang.reflect.Method.invoke(Method.java:498)
	at org.testng.internal.MethodInvocationHelper.invokeMethod(MethodInvocationHelper.java:108)
	at org.testng.internal.Invoker.invokeMethod(Invoker.java:661)
	at org.testng.internal.Invoker.invokeTestMethod(Invoker.java:869)
	at org.testng.internal.Invoker.invokeTestMethods(Invoker.java:1193)
	at org.testng.internal.TestMethodWorker.invokeTestMethods(TestMethodWorker.java:126)
	at org.testng.internal.TestMethodWorker.run(TestMethodWorker.java:109)
	at org.testng.TestRunner.privateRun(TestRunner.java:744)
	at org.testng.TestRunner.run(TestRunner.java:602)
	at org.testng.SuiteRunner.runTest(SuiteRunner.java:380)
	at org.testng.SuiteRunner.runSequentially(SuiteRunner.java:375)
	at org.testng.SuiteRunner.privateRun(SuiteRunner.java:340)
	at org.testng.SuiteRunner.run(SuiteRunner.java:289)
	at org.testng.SuiteRunnerWorker.runSuite(SuiteRunnerWorker.java:52)
	at org.testng.SuiteRunnerWorker.run(SuiteRunnerWorker.java:86)
	at org.testng.TestNG.runSuitesSequentially(TestNG.java:1301)
	at org.testng.TestNG.runSuitesLocally(TestNG.java:1226)
	at org.testng.TestNG.runSuites(TestNG.java:1144)
	at org.testng.TestNG.run(TestNG.java:1115)
	at org.apache.maven.surefire.testng.TestNGExecutor.run(TestNGExecutor.java:283)
	at org.apache.maven.surefire.testng.TestNGXmlTestSuite.execute(TestNGXmlTestSuite.java:75)
	at org.apache.maven.surefire.testng.TestNGProvider.invoke(TestNGProvider.java:120)
	at org.apache.maven.surefire.booter.ForkedBooter.invokeProviderInSameClassLoader(ForkedBooter.java:386)
	at org.apache.maven.surefire.booter.ForkedBooter.runSuitesInProcess(ForkedBooter.java:323)
	at org.apache.maven.surefire.booter.ForkedBooter.main(ForkedBooter.java:143)
Caused by: java.lang.NoSuchMethodException: lab.web.soap.ServiceException.<init>(java.lang.String, lab.web.soap.LibraryFault)
	at java.lang.Class.getConstructor0(Class.java:3082)
	at java.lang.Class.getConstructor(Class.java:1825)
	at com.sun.xml.internal.ws.fault.SOAPFaultBuilder.createException(SOAPFaultBuilder.java:134)
	... 36 more
]]>
    </error>
  </testcase> <!-- tryWriteFileTwiceSoap -->
</testsuite> <!-- lab.web.DeleteSameFileTwiceApiTest -->
