<?xml version="1.0" encoding="UTF-8"?>
<!-- Generated by org.testng.reporters.JUnitReportReporter -->
<testsuite skipped="0" hostname="DESKTOP-T9CIQDG" name="lab.web.WriteDeleteFiveTimesApiTest" tests="2" failures="0" timestamp="11 бер. 2019 13:51:01 GMT" time="1.312" errors="0">
  <testcase name="tryWriteAndDeleteFileRest" time="0.563" classname="lab.web.WriteDeleteFiveTimesApiTest"/>
  <testcase name="tryWriteAndDeleteFileSoap" time="0.749" classname="lab.web.WriteDeleteFiveTimesApiTest"/>
</testsuite> <!-- lab.web.WriteDeleteFiveTimesApiTest -->
